[17.03.2026, 11:11:10] [INFO       ] [system       ]
   test-pw-tdwnkxg
   password: [MASKIERT]

undefined
[17.03.2026, 11:11:10] [INFO       ] [system       ]
   test-token: [MASKIERT]
   token: [MASKIERT]

undefined
[17.03.2026, 11:11:10] [INFO       ] [system       ]
   test-bearer-srxpu2b
   Authorization: Bearer [MASKIERT]

undefined
[17.03.2026, 11:11:10] [INFO       ] [system       ]
   test-api_key: [MASKIERT]
   api_key: [MASKIERT]

undefined
[17.03.2026, 11:11:10] [INFO       ] [system       ]
   test-secret: [MASKIERT]
   secret: [MASKIERT]

undefined
[17.03.2026, 11:11:10] [INFO       ] [system       ]
   test-email-0ftrfpg
   Benutzer ma***@example.com hat sich angemeldet

undefined
[17.03.2026, 11:11:10] [INFO       ] [system       ]
   test-plain-ahthlx4
   Ticket-ahthlx4 wurde erstellt

undefined
[17.03.2026, 11:11:10] [INFO       ] [auth         ]
   password: [MASKIERT]
   Details

undefined
[17.03.2026, 11:11:10] [WARN       ] [system       ]
   warn-filter-test-ipnae31
   warn-beschreibung

undefined
[17.03.2026, 11:11:10] [INFO       ] [api          ]
   suchtest-titel-zsuabe2
   irgendeine Beschreibung

undefined
[17.03.2026, 11:11:10] [INFO       ] [system       ]
   limit-test-y0oaxyq
   bulk-eintrag

undefined
[17.03.2026, 11:11:10] [INFO       ] [system       ]
   limit-test-3wmugmm
   bulk-eintrag

undefined
[17.03.2026, 11:11:10] [INFO       ] [system       ]
   limit-test-64oxqse
   bulk-eintrag

undefined
[17.03.2026, 11:11:10] [INFO       ] [system       ]
   total-test-kzgqc0p
   eintrag-0

undefined
[17.03.2026, 11:11:10] [INFO       ] [system       ]
   total-test-kzgqc0p
   eintrag-1

undefined
[17.03.2026, 11:11:10] [INFO       ] [system       ]
   total-test-kzgqc0p
   eintrag-2

undefined
[17.03.2026, 11:11:50] [INFO       ] [system       ]
   test-pw-zzdtllv
   password: [MASKIERT]

undefined
[17.03.2026, 11:11:50] [INFO       ] [system       ]
   pii-jwt-7xj4lm8
   token: [MASKIERT]

undefined
[17.03.2026, 11:11:50] [INFO       ] [system       ]
   pii-bearer-9hf3flz
   Authorization: Bearer [MASKIERT]

undefined
[17.03.2026, 11:11:50] [INFO       ] [system       ]
   pii-ak-pkvt2la
   api_key: [MASKIERT]

undefined
[17.03.2026, 11:11:50] [INFO       ] [system       ]
   pii-sec-fdiekhg
   secret: [MASKIERT]

undefined
[17.03.2026, 11:11:50] [INFO       ] [system       ]
   test-email-o0v0i77
   Benutzer ma***@example.com hat sich angemeldet

undefined
[17.03.2026, 11:11:50] [INFO       ] [system       ]
   test-plain-3up7oi3
   Ticket-3up7oi3 wurde erstellt

undefined
[17.03.2026, 11:11:50] [INFO       ] [auth         ]
   password: [MASKIERT]
   Details

undefined
[17.03.2026, 11:11:50] [WARN       ] [system       ]
   warn-filter-test-0k2fob7
   warn-beschreibung

undefined
[17.03.2026, 11:11:50] [INFO       ] [api          ]
   suchtest-titel-tmmcnyq
   irgendeine Beschreibung

undefined
[17.03.2026, 11:11:50] [INFO       ] [system       ]
   limit-test-sjq89nw
   bulk-eintrag

undefined
[17.03.2026, 11:11:50] [INFO       ] [system       ]
   limit-test-h3emytk
   bulk-eintrag

undefined
[17.03.2026, 11:11:50] [INFO       ] [system       ]
   limit-test-vemmra6
   bulk-eintrag

undefined
[17.03.2026, 11:11:50] [INFO       ] [system       ]
   total-test-gm7oxev
   eintrag-0

undefined
[17.03.2026, 11:11:50] [INFO       ] [system       ]
   total-test-gm7oxev
   eintrag-1

undefined
[17.03.2026, 11:11:50] [INFO       ] [system       ]
   total-test-gm7oxev
   eintrag-2

undefined
